<?xml version="1.0" encoding="UTF-8"?>
<!DOCTYPE coverage SYSTEM "http://cobertura.sourceforge.net/xml/coverage-03.dtd">
<coverage line-rate="0" branch-rate="0" version="" timestamp="1493279498692">
	<packages>
		<package name="projectblackwhitego/mathutil" line-rate="0" branch-rate="0" complexity="0">
			<classes>
				<class name="-" filename="mathutil/mathutil.go" line-rate="0" branch-rate="0" complexity="0">
					<methods>
						<method name="SqrtUint32" signature="" line-rate="0" branch-rate="0">
							<lines>
								<line number="7" hits="1"></line>
							</lines>
						</method>
					</methods>
					<lines>
						<line number="7" hits="1"></line>
					</lines>
				</class>
			</classes>
		</package>
	</packages>
</coverage>
