<?xml version="1.0" encoding="UTF-8"?>
<!DOCTYPE coverage SYSTEM "http://cobertura.sourceforge.net/xml/coverage-03.dtd">
<coverage line-rate="0" branch-rate="0" version="" timestamp="1496825152981">
	<packages>
		<package name="credential-manager/rest" line-rate="0" branch-rate="0" complexity="0">
			<classes>
				<class name="-" filename="/home/dca-cm/src/credential-manager/rest/common.go" line-rate="0" branch-rate="0" complexity="0">
					<methods>
						<method name="getParam" signature="" line-rate="0" branch-rate="0">
							<lines>
								<line number="9" hits="1"></line>
								<line number="10" hits="1"></line>
							</lines>
						</method>
					</methods>
					<lines>
						<line number="9" hits="1"></line>
						<line number="10" hits="1"></line>
					</lines>
				</class>
				<class name="-" filename="/home/dca-cm/src/credential-manager/rest/credential_routes.go" line-rate="0" branch-rate="0" complexity="0">
					<methods>
						<method name="getAllCredentials" signature="" line-rate="0" branch-rate="0">
							<lines>
								<line number="32" hits="1"></line>
								<line number="34" hits="1"></line>
								<line number="36" hits="1"></line>
								<line number="37" hits="1"></line>
								<line number="38" hits="1"></line>
								<line number="40" hits="1"></line>
							</lines>
						</method>
						<method name="createNewCredential" signature="" line-rate="0" branch-rate="0">
							<lines>
								<line number="62" hits="1"></line>
								<line number="64" hits="1"></line>
								<line number="65" hits="0"></line>
								<line number="66" hits="0"></line>
								<line number="68" hits="1"></line>
								<line number="69" hits="1"></line>
								<line number="70" hits="0"></line>
								<line number="71" hits="0"></line>
								<line number="74" hits="1"></line>
								<line number="76" hits="1"></line>
								<line number="78" hits="1"></line>
								<line number="79" hits="1"></line>
								<line number="80" hits="1"></line>
								<line number="82" hits="1"></line>
							</lines>
						</method>
						<method name="getCredentialById" signature="" line-rate="0" branch-rate="0">
							<lines>
								<line number="104" hits="1"></line>
								<line number="106" hits="1"></line>
								<line number="107" hits="1"></line>
								<line number="108" hits="1"></line>
								<line number="109" hits="0"></line>
								<line number="110" hits="0"></line>
								<line number="112" hits="1"></line>
							</lines>
						</method>
						<method name="deleteCredential" signature="" line-rate="0" branch-rate="0">
							<lines>
								<line number="135" hits="1"></line>
								<line number="137" hits="1"></line>
								<line number="139" hits="1"></line>
								<line number="140" hits="1"></line>
								<line number="141" hits="0"></line>
								<line number="142" hits="0"></line>
								<line number="144" hits="1"></line>
							</lines>
						</method>
						<method name="updateCredential" signature="" line-rate="0" branch-rate="0">
							<lines>
								<line number="167" hits="1"></line>
								<line number="169" hits="1"></line>
								<line number="171" hits="1"></line>
								<line number="172" hits="0"></line>
								<line number="173" hits="0"></line>
								<line number="176" hits="1"></line>
								<line number="177" hits="1"></line>
								<line number="178" hits="0"></line>
								<line number="179" hits="0"></line>
								<line number="182" hits="1"></line>
								<line number="184" hits="1"></line>
								<line number="186" hits="1"></line>
								<line number="188" hits="1"></line>
								<line number="189" hits="0"></line>
								<line number="190" hits="0"></line>
								<line number="192" hits="1"></line>
							</lines>
						</method>
					</methods>
					<lines>
						<line number="32" hits="1"></line>
						<line number="34" hits="1"></line>
						<line number="36" hits="1"></line>
						<line number="37" hits="1"></line>
						<line number="38" hits="1"></line>
						<line number="40" hits="1"></line>
						<line number="62" hits="1"></line>
						<line number="64" hits="1"></line>
						<line number="65" hits="0"></line>
						<line number="66" hits="0"></line>
						<line number="68" hits="1"></line>
						<line number="69" hits="1"></line>
						<line number="70" hits="0"></line>
						<line number="71" hits="0"></line>
						<line number="74" hits="1"></line>
						<line number="76" hits="1"></line>
						<line number="78" hits="1"></line>
						<line number="79" hits="1"></line>
						<line number="80" hits="1"></line>
						<line number="82" hits="1"></line>
						<line number="104" hits="1"></line>
						<line number="106" hits="1"></line>
						<line number="107" hits="1"></line>
						<line number="108" hits="1"></line>
						<line number="109" hits="0"></line>
						<line number="110" hits="0"></line>
						<line number="112" hits="1"></line>
						<line number="135" hits="1"></line>
						<line number="137" hits="1"></line>
						<line number="139" hits="1"></line>
						<line number="140" hits="1"></line>
						<line number="141" hits="0"></line>
						<line number="142" hits="0"></line>
						<line number="144" hits="1"></line>
						<line number="167" hits="1"></line>
						<line number="169" hits="1"></line>
						<line number="171" hits="1"></line>
						<line number="172" hits="0"></line>
						<line number="173" hits="0"></line>
						<line number="176" hits="1"></line>
						<line number="177" hits="1"></line>
						<line number="178" hits="0"></line>
						<line number="179" hits="0"></line>
						<line number="182" hits="1"></line>
						<line number="184" hits="1"></line>
						<line number="186" hits="1"></line>
						<line number="188" hits="1"></line>
						<line number="189" hits="0"></line>
						<line number="190" hits="0"></line>
						<line number="192" hits="1"></line>
					</lines>
				</class>
				<class name="-" filename="/home/dca-cm/src/credential-manager/rest/credentialdata_routes.go" line-rate="0" branch-rate="0" complexity="0">
					<methods>
						<method name="createCredentialData" signature="" line-rate="0" branch-rate="0">
							<lines>
								<line number="34" hits="1"></line>
								<line number="36" hits="1"></line>
								<line number="37" hits="0"></line>
								<line number="38" hits="0"></line>
								<line number="40" hits="1"></line>
								<line number="41" hits="1"></line>
								<line number="42" hits="0"></line>
								<line number="43" hits="0"></line>
								<line number="46" hits="1"></line>
								<line number="48" hits="1"></line>
								<line number="50" hits="1"></line>
								<line number="52" hits="1"></line>
								<line number="54" hits="1"></line>
								<line number="55" hits="0"></line>
								<line number="56" hits="0"></line>
								<line number="58" hits="1"></line>
							</lines>
						</method>
						<method name="getAllCredentialData" signature="" line-rate="0" branch-rate="0">
							<lines>
								<line number="80" hits="1"></line>
								<line number="82" hits="1"></line>
								<line number="83" hits="1"></line>
								<line number="85" hits="1"></line>
								<line number="86" hits="0"></line>
								<line number="87" hits="0"></line>
								<line number="89" hits="1"></line>
							</lines>
						</method>
						<method name="updateCredentialData" signature="" line-rate="0" branch-rate="0">
							<lines>
								<line number="111" hits="1"></line>
								<line number="112" hits="1"></line>
								<line number="114" hits="1"></line>
								<line number="115" hits="0"></line>
								<line number="116" hits="0"></line>
								<line number="119" hits="1"></line>
								<line number="120" hits="1"></line>
								<line number="121" hits="0"></line>
								<line number="122" hits="0"></line>
								<line number="126" hits="1"></line>
								<line number="128" hits="1"></line>
								<line number="130" hits="1"></line>
								<line number="132" hits="1"></line>
								<line number="133" hits="0"></line>
								<line number="134" hits="0"></line>
								<line number="136" hits="1"></line>
							</lines>
						</method>
						<method name="getCredentialData" signature="" line-rate="0" branch-rate="0">
							<lines>
								<line number="158" hits="1"></line>
								<line number="160" hits="1"></line>
								<line number="161" hits="1"></line>
								<line number="162" hits="1"></line>
								<line number="163" hits="0"></line>
								<line number="164" hits="0"></line>
								<line number="166" hits="1"></line>
							</lines>
						</method>
						<method name="deleteCredentialData" signature="" line-rate="0" branch-rate="0">
							<lines>
								<line number="188" hits="1"></line>
								<line number="190" hits="1"></line>
								<line number="191" hits="1"></line>
								<line number="193" hits="1"></line>
								<line number="194" hits="0"></line>
								<line number="195" hits="0"></line>
								<line number="197" hits="1"></line>
							</lines>
						</method>
					</methods>
					<lines>
						<line number="34" hits="1"></line>
						<line number="36" hits="1"></line>
						<line number="37" hits="0"></line>
						<line number="38" hits="0"></line>
						<line number="40" hits="1"></line>
						<line number="41" hits="1"></line>
						<line number="42" hits="0"></line>
						<line number="43" hits="0"></line>
						<line number="46" hits="1"></line>
						<line number="48" hits="1"></line>
						<line number="50" hits="1"></line>
						<line number="52" hits="1"></line>
						<line number="54" hits="1"></line>
						<line number="55" hits="0"></line>
						<line number="56" hits="0"></line>
						<line number="58" hits="1"></line>
						<line number="80" hits="1"></line>
						<line number="82" hits="1"></line>
						<line number="83" hits="1"></line>
						<line number="85" hits="1"></line>
						<line number="86" hits="0"></line>
						<line number="87" hits="0"></line>
						<line number="89" hits="1"></line>
						<line number="111" hits="1"></line>
						<line number="112" hits="1"></line>
						<line number="114" hits="1"></line>
						<line number="115" hits="0"></line>
						<line number="116" hits="0"></line>
						<line number="119" hits="1"></line>
						<line number="120" hits="1"></line>
						<line number="121" hits="0"></line>
						<line number="122" hits="0"></line>
						<line number="126" hits="1"></line>
						<line number="128" hits="1"></line>
						<line number="130" hits="1"></line>
						<line number="132" hits="1"></line>
						<line number="133" hits="0"></line>
						<line number="134" hits="0"></line>
						<line number="136" hits="1"></line>
						<line number="158" hits="1"></line>
						<line number="160" hits="1"></line>
						<line number="161" hits="1"></line>
						<line number="162" hits="1"></line>
						<line number="163" hits="0"></line>
						<line number="164" hits="0"></line>
						<line number="166" hits="1"></line>
						<line number="188" hits="1"></line>
						<line number="190" hits="1"></line>
						<line number="191" hits="1"></line>
						<line number="193" hits="1"></line>
						<line number="194" hits="0"></line>
						<line number="195" hits="0"></line>
						<line number="197" hits="1"></line>
					</lines>
				</class>
				<class name="-" filename="/home/dca-cm/src/credential-manager/rest/datastore.go" line-rate="0" branch-rate="0" complexity="0">
					<methods>
						<method name="CreateDataStore" signature="" line-rate="0" branch-rate="0">
							<lines>
								<line number="12" hits="0"></line>
								<line number="14" hits="0"></line>
								<line number="16" hits="0"></line>
								<line number="19" hits="0"></line>
							</lines>
						</method>
					</methods>
					<lines>
						<line number="12" hits="0"></line>
						<line number="14" hits="0"></line>
						<line number="16" hits="0"></line>
						<line number="19" hits="0"></line>
					</lines>
				</class>
				<class name="-" filename="/home/dca-cm/src/credential-manager/rest/resource_routes.go" line-rate="0" branch-rate="0" complexity="0">
					<methods>
						<method name="getCredentialDataForResourceId" signature="" line-rate="0" branch-rate="0">
							<lines>
								<line number="32" hits="1"></line>
								<line number="34" hits="1"></line>
								<line number="35" hits="1"></line>
								<line number="37" hits="1"></line>
								<line number="38" hits="0"></line>
								<line number="39" hits="0"></line>
								<line number="42" hits="1"></line>
								<line number="43" hits="0"></line>
								<line number="45" hits="1"></line>
							</lines>
						</method>
						<method name="updateResourceCredentials" signature="" line-rate="0" branch-rate="0">
							<lines>
								<line number="70" hits="1"></line>
								<line number="71" hits="1"></line>
								<line number="72" hits="1"></line>
								<line number="73" hits="1"></line>
								<line number="75" hits="1"></line>
								<line number="76" hits="1"></line>
								<line number="77" hits="1"></line>
								<line number="79" hits="1"></line>
								<line number="81" hits="1"></line>
								<line number="83" hits="1"></line>
								<line number="85" hits="1"></line>
								<line number="86" hits="1"></line>
								<line number="89" hits="1"></line>
								<line number="91" hits="1"></line>
								<line number="92" hits="1"></line>
								<line number="94" hits="1"></line>
								<line number="95" hits="1"></line>
								<line number="97" hits="1"></line>
							</lines>
						</method>
						<method name="updateResourceCredentialsFromJson" signature="" line-rate="0" branch-rate="0">
							<lines>
								<line number="123" hits="1"></line>
								<line number="124" hits="1"></line>
								<line number="125" hits="1"></line>
								<line number="130" hits="1"></line>
								<line number="131" hits="1"></line>
								<line number="132" hits="1"></line>
								<line number="135" hits="1"></line>
								<line number="136" hits="1"></line>
								<line number="137" hits="1"></line>
								<line number="138" hits="1"></line>
								<line number="140" hits="1"></line>
								<line number="141" hits="1"></line>
								<line number="144" hits="1"></line>
								<line number="145" hits="1"></line>
								<line number="146" hits="1"></line>
								<line number="147" hits="1"></line>
								<line number="151" hits="1"></line>
								<line number="152" hits="1"></line>
								<line number="153" hits="1"></line>
							</lines>
						</method>
					</methods>
					<lines>
						<line number="32" hits="1"></line>
						<line number="34" hits="1"></line>
						<line number="35" hits="1"></line>
						<line number="37" hits="1"></line>
						<line number="38" hits="0"></line>
						<line number="39" hits="0"></line>
						<line number="42" hits="1"></line>
						<line number="43" hits="0"></line>
						<line number="45" hits="1"></line>
						<line number="70" hits="1"></line>
						<line number="71" hits="1"></line>
						<line number="72" hits="1"></line>
						<line number="73" hits="1"></line>
						<line number="75" hits="1"></line>
						<line number="76" hits="1"></line>
						<line number="77" hits="1"></line>
						<line number="79" hits="1"></line>
						<line number="81" hits="1"></line>
						<line number="83" hits="1"></line>
						<line number="85" hits="1"></line>
						<line number="86" hits="1"></line>
						<line number="89" hits="1"></line>
						<line number="91" hits="1"></line>
						<line number="92" hits="1"></line>
						<line number="94" hits="1"></line>
						<line number="95" hits="1"></line>
						<line number="97" hits="1"></line>
						<line number="123" hits="1"></line>
						<line number="124" hits="1"></line>
						<line number="125" hits="1"></line>
						<line number="130" hits="1"></line>
						<line number="131" hits="1"></line>
						<line number="132" hits="1"></line>
						<line number="135" hits="1"></line>
						<line number="136" hits="1"></line>
						<line number="137" hits="1"></line>
						<line number="138" hits="1"></line>
						<line number="140" hits="1"></line>
						<line number="141" hits="1"></line>
						<line number="144" hits="1"></line>
						<line number="145" hits="1"></line>
						<line number="146" hits="1"></line>
						<line number="147" hits="1"></line>
						<line number="151" hits="1"></line>
						<line number="152" hits="1"></line>
						<line number="153" hits="1"></line>
					</lines>
				</class>
				<class name="-" filename="/home/dca-cm/src/credential-manager/rest/router.go" line-rate="0" branch-rate="0" complexity="0">
					<methods>
						<method name="NewRouter" signature="" line-rate="0" branch-rate="0">
							<lines>
								<line number="13" hits="1"></line>
								<line number="14" hits="1"></line>
								<line number="15" hits="1"></line>
								<line number="16" hits="1"></line>
								<line number="17" hits="1"></line>
								<line number="18" hits="1"></line>
								<line number="19" hits="1"></line>
								<line number="21" hits="1"></line>
								<line number="22" hits="1"></line>
								<line number="23" hits="1"></line>
							</lines>
						</method>
						<method name="registerSwaggerEndpoint" signature="" line-rate="0" branch-rate="0">
							<lines>
								<line number="26" hits="1"></line>
								<line number="27" hits="1"></line>
							</lines>
						</method>
						<method name="requestLogger" signature="" line-rate="0" branch-rate="0">
							<lines>
								<line number="31" hits="1"></line>
							</lines>
						</method>
						<method name="@31:26" signature="" line-rate="0" branch-rate="0">
							<lines>
								<line number="32" hits="1"></line>
								<line number="33" hits="1"></line>
								<line number="34" hits="1"></line>
							</lines>
						</method>
					</methods>
					<lines>
						<line number="13" hits="1"></line>
						<line number="14" hits="1"></line>
						<line number="15" hits="1"></line>
						<line number="16" hits="1"></line>
						<line number="17" hits="1"></line>
						<line number="18" hits="1"></line>
						<line number="19" hits="1"></line>
						<line number="21" hits="1"></line>
						<line number="22" hits="1"></line>
						<line number="23" hits="1"></line>
						<line number="26" hits="1"></line>
						<line number="27" hits="1"></line>
						<line number="31" hits="1"></line>
						<line number="32" hits="1"></line>
						<line number="33" hits="1"></line>
						<line number="34" hits="1"></line>
					</lines>
				</class>
			</classes>
		</package>
	</packages>
</coverage>