<?xml version="1.0" encoding="UTF-8"?>
<!DOCTYPE coverage SYSTEM "http://cobertura.sourceforge.net/xml/coverage-03.dtd">
<coverage line-rate="0" branch-rate="0" version="" timestamp="1493279482888">
	<packages>
		<package name="projectblackwhitego/pixel" line-rate="0" branch-rate="0" complexity="0">
			<classes>
				<class name="PixelImage" filename="pixel/pixel.go" line-rate="0" branch-rate="0" complexity="0">
					<methods>
						<method name="Set" signature="" line-rate="0" branch-rate="0">
							<lines>
								<line number="28" hits="0"></line>
							</lines>
						</method>
						<method name="GetImage" signature="" line-rate="0" branch-rate="0">
							<lines>
								<line number="37" hits="0"></line>
							</lines>
						</method>
					</methods>
					<lines>
						<line number="28" hits="0"></line>
						<line number="37" hits="0"></line>
					</lines>
				</class>
				<class name="-" filename="pixel/pixel.go" line-rate="0" branch-rate="0" complexity="0">
					<methods>
						<method name="NewPixel" signature="" line-rate="0" branch-rate="0">
							<lines>
								<line number="21" hits="0"></line>
							</lines>
						</method>
						<method name="NewPixelImage" signature="" line-rate="0" branch-rate="0">
							<lines>
								<line number="24" hits="0"></line>
								<line number="25" hits="0"></line>
							</lines>
						</method>
					</methods>
					<lines>
						<line number="21" hits="0"></line>
						<line number="24" hits="0"></line>
						<line number="25" hits="0"></line>
					</lines>
				</class>
			</classes>
		</package>
	</packages>
</coverage>
